<?xml version="1.0" encoding="UTF-8"?>
<!-- Generated by org.testng.reporters.JUnitXMLReporter -->
<testsuite ignored="0" hostname="DESKTOP-K2K44G9" failures="2" tests="3" name="TC_parabank_registration" time="29.726" errors="0" timestamp="2026-06-22T00:06:47 IST">
  <testcase classname="com.parabank.testcases.TC_parabank_registration" name="testSuccessfulRegistration" time="4.922">
    <failure type="java.lang.AssertionError" message="Expected the welcome/success page to be displayed after registration. expected [true] but found [false]">
      <![CDATA[java.lang.AssertionError: Expected the welcome/success page to be displayed after registration. expected [true] but found [false]
at com.parabank.testcases.TC_parabank_registration.testSuccessfulRegistration(TC_parabank_registration.java:63)
at java.base/java.util.ArrayList.forEach(ArrayList.java:1596)
... Removed 28 stack frames]]>
    </failure>
  </testcase> <!-- testSuccessfulRegistration -->
  <testcase classname="com.parabank.testcases.TC_parabank_registration" name="testRegistrationWithBlankMandatoryFields" time="2.082"/>
  <testcase classname="com.parabank.testcases.TC_parabank_registration" name="testRegistrationWithDuplicateUsername" time="4.949">
    <failure type="java.lang.AssertionError" message="Pre-condition failed: first registration with this username did not succeed. expected [true] but found [false]">
      <![CDATA[java.lang.AssertionError: Pre-condition failed: first registration with this username did not succeed. expected [true] but found [false]
at com.parabank.testcases.TC_parabank_registration.testRegistrationWithDuplicateUsername(TC_parabank_registration.java:91)
at java.base/java.util.ArrayList.forEach(ArrayList.java:1596)
... Removed 28 stack frames]]>
    </failure>
  </testcase> <!-- testRegistrationWithDuplicateUsername -->
</testsuite> <!-- TC_parabank_registration -->
