<?xml version="1.0" encoding="UTF-8"?>
<!-- Generated by org.testng.reporters.JUnitXMLReporter -->
<testsuite ignored="0" hostname="DESKTOP-K2K44G9" failures="3" tests="3" name="TC_parabank_registration" time="5.84" errors="0" timestamp="2026-06-23T18:13:00 IST">
  <testcase classname="com.parabank.testcases.TC_parabank_registration" name="testSuccessfulRegistration" time="0.0">
    <failure type="java.lang.RuntimeException" message="java.lang.RuntimeException: Failed to read Excel file: testdata/RegistrationTestData.xlsx">
      <![CDATA[java.lang.RuntimeException: java.lang.RuntimeException: Failed to read Excel file: testdata/RegistrationTestData.xlsx
at java.base/java.util.ArrayList.forEach(ArrayList.java:1596)
Caused by: java.lang.RuntimeException: Failed to read Excel file: testdata/RegistrationTestData.xlsx
at com.parabank.testutilities.ExcelUtils.readSheetAsMaps(ExcelUtils.java:77)
at com.parabank.testdata.RegistrationDataProvider.validRegistrationData(RegistrationDataProvider.java:33)
... 25 more
Caused by: java.io.FileNotFoundException: testdata\RegistrationTestData.xlsx (The system cannot find the path specified)
at java.base/java.io.FileInputStream.open0(Native Method)
at java.base/java.io.FileInputStream.open(FileInputStream.java:213)
at java.base/java.io.FileInputStream.<init>(FileInputStream.java:152)
at java.base/java.io.FileInputStream.<init>(FileInputStream.java:106)
at com.parabank.testutilities.ExcelUtils.resolveInputStream(ExcelUtils.java:88)
at com.parabank.testutilities.ExcelUtils.readSheetAsMaps(ExcelUtils.java:38)
... 31 more
... Removed 30 stack frames]]>
    </failure>
  </testcase> <!-- testSuccessfulRegistration -->
  <testcase classname="com.parabank.testcases.TC_parabank_registration" name="testRegistrationValidationErrors" time="0.0">
    <failure type="java.lang.RuntimeException" message="java.lang.RuntimeException: Failed to read Excel file: testdata/RegistrationTestData.xlsx">
      <![CDATA[java.lang.RuntimeException: java.lang.RuntimeException: Failed to read Excel file: testdata/RegistrationTestData.xlsx
at java.base/java.util.ArrayList.forEach(ArrayList.java:1596)
Caused by: java.lang.RuntimeException: Failed to read Excel file: testdata/RegistrationTestData.xlsx
at com.parabank.testutilities.ExcelUtils.readSheetAsMaps(ExcelUtils.java:77)
at com.parabank.testdata.RegistrationDataProvider.invalidRegistrationData(RegistrationDataProvider.java:44)
... 25 more
Caused by: java.io.FileNotFoundException: testdata\RegistrationTestData.xlsx (The system cannot find the path specified)
at java.base/java.io.FileInputStream.open0(Native Method)
at java.base/java.io.FileInputStream.open(FileInputStream.java:213)
at java.base/java.io.FileInputStream.<init>(FileInputStream.java:152)
at java.base/java.io.FileInputStream.<init>(FileInputStream.java:106)
at com.parabank.testutilities.ExcelUtils.resolveInputStream(ExcelUtils.java:88)
at com.parabank.testutilities.ExcelUtils.readSheetAsMaps(ExcelUtils.java:38)
... 31 more
... Removed 30 stack frames]]>
    </failure>
  </testcase> <!-- testRegistrationValidationErrors -->
  <testcase classname="com.parabank.testcases.TC_parabank_registration" name="testRegistrationWithDuplicateUsername" time="1.774">
    <failure type="java.lang.AssertionError" message="Pre-condition failed: first registration with this username did not succeed. expected [true] but found [false]">
      <![CDATA[java.lang.AssertionError: Pre-condition failed: first registration with this username did not succeed. expected [true] but found [false]
at com.parabank.testcases.TC_parabank_registration.testRegistrationWithDuplicateUsername(TC_parabank_registration.java:72)
at java.base/java.util.ArrayList.forEach(ArrayList.java:1596)
... Removed 28 stack frames]]>
    </failure>
  </testcase> <!-- testRegistrationWithDuplicateUsername -->
</testsuite> <!-- TC_parabank_registration -->
