<?xml version="1.0" encoding="UTF-8"?>
<testng-results ignored="0" total="4" passed="2" failed="2" skipped="0">
  <reporter-output>
  </reporter-output>
  <suite started-at="2026-06-23T14:09:30 IST" name="Suite" finished-at="2026-06-23T14:10:04 IST" duration-ms="34031">
    <groups>
    </groups>
    <test started-at="2026-06-23T14:09:30 IST" name="TC_parabank_login" finished-at="2026-06-23T14:09:38 IST" duration-ms="7781">
      <class name="com.parabank.testcases.TC_parabank_login">
        <test-method is-config="true" signature="setUp(java.lang.String,java.lang.String)[pri:0, instance:com.parabank.testcases.TC_parabank_login@415b0b49]" started-at="2026-06-23T14:09:30 IST" name="setUp" finished-at="2026-06-23T14:09:37 IST" duration-ms="6702" status="PASS">
          <params>
            <param index="0">
              <value>
                <![CDATA[Chrome]]>
              </value>
            </param>
            <param index="1">
              <value>
                <![CDATA[https://parabank.parasoft.com/parabank/index.htm]]>
              </value>
            </param>
          </params>
          <reporter-output>
          </reporter-output>
        </test-method> <!-- setUp -->
        <test-method signature="openParaBank()[pri:0, instance:com.parabank.testcases.TC_parabank_login@415b0b49]" started-at="2026-06-23T14:09:37 IST" name="openParaBank" finished-at="2026-06-23T14:09:37 IST" duration-ms="212" status="PASS">
          <reporter-output>
          </reporter-output>
        </test-method> <!-- openParaBank -->
        <test-method is-config="true" signature="tearDown(org.testng.ITestResult)[pri:0, instance:com.parabank.testcases.TC_parabank_login@415b0b49]" started-at="2026-06-23T14:09:37 IST" name="tearDown" finished-at="2026-06-23T14:09:38 IST" duration-ms="310" status="PASS">
          <params>
            <param index="0">
              <value>
                <![CDATA[[TestResult name=openParaBank status=SUCCESS method=TC_parabank_login.openParaBank()[pri:0, instance:com.parabank.testcases.TC_parabank_login@415b0b49] output={null}]]]>
              </value>
            </param>
          </params>
          <reporter-output>
          </reporter-output>
        </test-method> <!-- tearDown -->
      </class> <!-- com.parabank.testcases.TC_parabank_login -->
    </test> <!-- TC_parabank_login -->
    <test started-at="2026-06-23T14:09:38 IST" name="TC_parabank_registration" finished-at="2026-06-23T14:10:04 IST" duration-ms="26193">
      <class name="com.parabank.testcases.TC_parabank_registration">
        <test-method is-config="true" signature="setUp(java.lang.String,java.lang.String)[pri:0, instance:com.parabank.testcases.TC_parabank_registration@e25951c]" started-at="2026-06-23T14:09:38 IST" name="setUp" finished-at="2026-06-23T14:09:43 IST" duration-ms="5023" status="PASS">
          <params>
            <param index="0">
              <value>
                <![CDATA[Chrome]]>
              </value>
            </param>
            <param index="1">
              <value>
                <![CDATA[https://parabank.parasoft.com/parabank/register.htm]]>
              </value>
            </param>
          </params>
          <reporter-output>
          </reporter-output>
        </test-method> <!-- setUp -->
        <test-method is-config="true" signature="setUpPage()[pri:0, instance:com.parabank.testcases.TC_parabank_registration@e25951c]" started-at="2026-06-23T14:09:43 IST" name="setUpPage" finished-at="2026-06-23T14:09:44 IST" duration-ms="897" status="PASS">
          <reporter-output>
          </reporter-output>
        </test-method> <!-- setUpPage -->
        <test-method signature="testSuccessfulRegistration()[pri:1, instance:com.parabank.testcases.TC_parabank_registration@e25951c]" started-at="2026-06-23T14:09:44 IST" name="testSuccessfulRegistration" description="Verify a new customer can register successfully with valid details" finished-at="2026-06-23T14:09:45 IST" duration-ms="1433" status="FAIL">
          <exception class="org.openqa.selenium.NoSuchElementException">
            <message>
              <![CDATA[no such element: Unable to locate element: {"method":"css selector","selector":"#customer\.address\.ci"}
  (Session info: chrome=149.0.7827.115)
For documentation on this error, please visit: https://www.selenium.dev/documentation/webdriver/troubleshooting/errors#no-such-element-exception
Build info: version: '4.27.0', revision: 'd6e718d134'
System info: os.name: 'Windows 11', os.arch: 'amd64', os.version: '10.0', java.version: '21.0.11'
Driver info: org.openqa.selenium.chrome.ChromeDriver
Command: [ed9f9aa8ae070fc43d518fb22105c1a6, findElement {using=id, value=customer.address.ci}]
Capabilities {acceptInsecureCerts: false, browserName: chrome, browserVersion: 149.0.7827.115, chrome: {chromedriverVersion: 149.0.7827.155 (07b52360cc1..., userDataDir: C:\Users\Admin\AppData\Loca...}, fedcm:accounts: true, goog:chromeOptions: {debuggerAddress: localhost:60875}, goog:processID: 13872, networkConnectionEnabled: false, pageLoadStrategy: normal, platformName: windows, proxy: Proxy(), se:cdp: ws://localhost:60875/devtoo..., se:cdpVersion: 149.0.7827.115, setWindowRect: true, strictFileInteractability: false, timeouts: {implicit: 0, pageLoad: 300000, script: 30000}, unhandledPromptBehavior: dismiss and notify, webauthn:extension:credBlob: true, webauthn:extension:largeBlob: true, webauthn:extension:minPinLength: true, webauthn:extension:prf: true, webauthn:virtualAuthenticators: true}
Session ID: ed9f9aa8ae070fc43d518fb22105c1a6]]>
            </message>
            <full-stacktrace>
              <![CDATA[org.openqa.selenium.NoSuchElementException: no such element: Unable to locate element: {"method":"css selector","selector":"#customer\.address\.ci"}
  (Session info: chrome=149.0.7827.115)
For documentation on this error, please visit: https://www.selenium.dev/documentation/webdriver/troubleshooting/errors#no-such-element-exception
Build info: version: '4.27.0', revision: 'd6e718d134'
System info: os.name: 'Windows 11', os.arch: 'amd64', os.version: '10.0', java.version: '21.0.11'
Driver info: org.openqa.selenium.chrome.ChromeDriver
Command: [ed9f9aa8ae070fc43d518fb22105c1a6, findElement {using=id, value=customer.address.ci}]
Capabilities {acceptInsecureCerts: false, browserName: chrome, browserVersion: 149.0.7827.115, chrome: {chromedriverVersion: 149.0.7827.155 (07b52360cc1..., userDataDir: C:\Users\Admin\AppData\Loca...}, fedcm:accounts: true, goog:chromeOptions: {debuggerAddress: localhost:60875}, goog:processID: 13872, networkConnectionEnabled: false, pageLoadStrategy: normal, platformName: windows, proxy: Proxy(), se:cdp: ws://localhost:60875/devtoo..., se:cdpVersion: 149.0.7827.115, setWindowRect: true, strictFileInteractability: false, timeouts: {implicit: 0, pageLoad: 300000, script: 30000}, unhandledPromptBehavior: dismiss and notify, webauthn:extension:credBlob: true, webauthn:extension:largeBlob: true, webauthn:extension:minPinLength: true, webauthn:extension:prf: true, webauthn:virtualAuthenticators: true}
Session ID: ed9f9aa8ae070fc43d518fb22105c1a6
at java.base/jdk.internal.reflect.DirectConstructorHandleAccessor.newInstance(DirectConstructorHandleAccessor.java:62)
at java.base/java.lang.reflect.Constructor.newInstanceWithCaller(Constructor.java:502)
at java.base/java.lang.reflect.Constructor.newInstance(Constructor.java:486)
at org.openqa.selenium.remote.ErrorCodec.decode(ErrorCodec.java:167)
at org.openqa.selenium.remote.codec.w3c.W3CHttpResponseCodec.decode(W3CHttpResponseCodec.java:138)
at org.openqa.selenium.remote.codec.w3c.W3CHttpResponseCodec.decode(W3CHttpResponseCodec.java:50)
at org.openqa.selenium.remote.HttpCommandExecutor.execute(HttpCommandExecutor.java:190)
at org.openqa.selenium.remote.service.DriverCommandExecutor.invokeExecute(DriverCommandExecutor.java:216)
at org.openqa.selenium.remote.service.DriverCommandExecutor.execute(DriverCommandExecutor.java:174)
at org.openqa.selenium.remote.RemoteWebDriver.execute(RemoteWebDriver.java:545)
at org.openqa.selenium.remote.ElementLocation$ElementFinder$2.findElement(ElementLocation.java:165)
at org.openqa.selenium.remote.ElementLocation.findElement(ElementLocation.java:59)
at org.openqa.selenium.remote.RemoteWebDriver.findElement(RemoteWebDriver.java:368)
at org.openqa.selenium.remote.RemoteWebDriver.findElement(RemoteWebDriver.java:362)
at org.openqa.selenium.support.pagefactory.DefaultElementLocator.findElement(DefaultElementLocator.java:68)
at org.openqa.selenium.support.pagefactory.internal.LocatingElementHandler.invoke(LocatingElementHandler.java:38)
at jdk.proxy2/jdk.proxy2.$Proxy17.clear(Unknown Source)
at com.parabank.pageobjects.PO_RegistrationPage.enterCity(PO_RegistrationPage.java:108)
at com.parabank.pageobjects.PO_RegistrationPage.registerNewCustomer(PO_RegistrationPage.java:168)
at com.parabank.testcases.TC_parabank_registration.testSuccessfulRegistration(TC_parabank_registration.java:49)
at java.base/jdk.internal.reflect.DirectMethodHandleAccessor.invoke(DirectMethodHandleAccessor.java:103)
at java.base/java.lang.reflect.Method.invoke(Method.java:580)
at org.testng.internal.invokers.MethodInvocationHelper.invokeMethod(MethodInvocationHelper.java:141)
at org.testng.internal.invokers.TestInvoker.invokeMethod(TestInvoker.java:686)
at org.testng.internal.invokers.TestInvoker.invokeTestMethod(TestInvoker.java:230)
at org.testng.internal.invokers.MethodRunner.runInSequence(MethodRunner.java:63)
at org.testng.internal.invokers.TestInvoker$MethodInvocationAgent.invoke(TestInvoker.java:992)
at org.testng.internal.invokers.TestInvoker.invokeTestMethods(TestInvoker.java:203)
at org.testng.internal.invokers.TestMethodWorker.invokeTestMethods(TestMethodWorker.java:154)
at org.testng.internal.invokers.TestMethodWorker.run(TestMethodWorker.java:134)
at java.base/java.util.ArrayList.forEach(ArrayList.java:1596)
at org.testng.TestRunner.privateRun(TestRunner.java:739)
at org.testng.TestRunner.run(TestRunner.java:614)
at org.testng.SuiteRunner.runTest(SuiteRunner.java:421)
at org.testng.SuiteRunner.runSequentially(SuiteRunner.java:413)
at org.testng.SuiteRunner.privateRun(SuiteRunner.java:373)
at org.testng.SuiteRunner.run(SuiteRunner.java:312)
at org.testng.SuiteRunnerWorker.runSuite(SuiteRunnerWorker.java:52)
at org.testng.SuiteRunnerWorker.run(SuiteRunnerWorker.java:95)
at org.testng.TestNG.runSuitesSequentially(TestNG.java:1274)
at org.testng.TestNG.runSuitesLocally(TestNG.java:1208)
at org.testng.TestNG.runSuites(TestNG.java:1112)
at org.testng.TestNG.run(TestNG.java:1079)
at org.testng.remote.AbstractRemoteTestNG.run(AbstractRemoteTestNG.java:115)
at org.testng.remote.RemoteTestNG.initAndRun(RemoteTestNG.java:293)
at org.testng.remote.RemoteTestNG.main(RemoteTestNG.java:91)
]]>
            </full-stacktrace>
          </exception> <!-- org.openqa.selenium.NoSuchElementException -->
          <reporter-output>
          </reporter-output>
        </test-method> <!-- testSuccessfulRegistration -->
        <test-method is-config="true" signature="tearDownTest(org.testng.ITestResult)[pri:0, instance:com.parabank.testcases.TC_parabank_registration@e25951c]" started-at="2026-06-23T14:09:45 IST" name="tearDownTest" finished-at="2026-06-23T14:09:45 IST" duration-ms="0" status="PASS">
          <params>
            <param index="0">
              <value>
                <![CDATA[[TestResult name=testSuccessfulRegistration status=FAILURE method=TC_parabank_registration.testSuccessfulRegistration()[pri:1, instance:com.parabank.testcases.TC_parabank_registration@e25951c] output={null}]]]>
              </value>
            </param>
          </params>
          <reporter-output>
          </reporter-output>
        </test-method> <!-- tearDownTest -->
        <test-method is-config="true" signature="tearDown(org.testng.ITestResult)[pri:0, instance:com.parabank.testcases.TC_parabank_registration@e25951c]" started-at="2026-06-23T14:09:45 IST" name="tearDown" finished-at="2026-06-23T14:09:46 IST" duration-ms="1194" status="PASS">
          <params>
            <param index="0">
              <value>
                <![CDATA[[TestResult name=testSuccessfulRegistration status=FAILURE method=TC_parabank_registration.testSuccessfulRegistration()[pri:1, instance:com.parabank.testcases.TC_parabank_registration@e25951c] output={null}]]]>
              </value>
            </param>
          </params>
          <reporter-output>
          </reporter-output>
        </test-method> <!-- tearDown -->
        <test-method is-config="true" signature="setUp(java.lang.String,java.lang.String)[pri:0, instance:com.parabank.testcases.TC_parabank_registration@e25951c]" started-at="2026-06-23T14:09:46 IST" name="setUp" finished-at="2026-06-23T14:09:53 IST" duration-ms="6441" status="PASS">
          <params>
            <param index="0">
              <value>
                <![CDATA[Chrome]]>
              </value>
            </param>
            <param index="1">
              <value>
                <![CDATA[https://parabank.parasoft.com/parabank/register.htm]]>
              </value>
            </param>
          </params>
          <reporter-output>
          </reporter-output>
        </test-method> <!-- setUp -->
        <test-method is-config="true" signature="setUpPage()[pri:0, instance:com.parabank.testcases.TC_parabank_registration@e25951c]" started-at="2026-06-23T14:09:53 IST" name="setUpPage" finished-at="2026-06-23T14:09:54 IST" duration-ms="856" status="PASS">
          <reporter-output>
          </reporter-output>
        </test-method> <!-- setUpPage -->
        <test-method signature="testRegistrationWithBlankMandatoryFields()[pri:2, instance:com.parabank.testcases.TC_parabank_registration@e25951c]" started-at="2026-06-23T14:09:54 IST" name="testRegistrationWithBlankMandatoryFields" description="Verify validation errors are shown when all mandatory fields are left blank" finished-at="2026-06-23T14:09:56 IST" duration-ms="1769" status="PASS">
          <reporter-output>
          </reporter-output>
        </test-method> <!-- testRegistrationWithBlankMandatoryFields -->
        <test-method is-config="true" signature="tearDownTest(org.testng.ITestResult)[pri:0, instance:com.parabank.testcases.TC_parabank_registration@e25951c]" started-at="2026-06-23T14:09:56 IST" name="tearDownTest" finished-at="2026-06-23T14:09:56 IST" duration-ms="0" status="PASS">
          <params>
            <param index="0">
              <value>
                <![CDATA[[TestResult name=testRegistrationWithBlankMandatoryFields status=SUCCESS method=TC_parabank_registration.testRegistrationWithBlankMandatoryFields()[pri:2, instance:com.parabank.testcases.TC_parabank_registration@e25951c] output={null}]]]>
              </value>
            </param>
          </params>
          <reporter-output>
          </reporter-output>
        </test-method> <!-- tearDownTest -->
        <test-method is-config="true" signature="tearDown(org.testng.ITestResult)[pri:0, instance:com.parabank.testcases.TC_parabank_registration@e25951c]" started-at="2026-06-23T14:09:56 IST" name="tearDown" finished-at="2026-06-23T14:09:56 IST" duration-ms="383" status="PASS">
          <params>
            <param index="0">
              <value>
                <![CDATA[[TestResult name=testRegistrationWithBlankMandatoryFields status=SUCCESS method=TC_parabank_registration.testRegistrationWithBlankMandatoryFields()[pri:2, instance:com.parabank.testcases.TC_parabank_registration@e25951c] output={null}]]]>
              </value>
            </param>
          </params>
          <reporter-output>
          </reporter-output>
        </test-method> <!-- tearDown -->
        <test-method is-config="true" signature="setUp(java.lang.String,java.lang.String)[pri:0, instance:com.parabank.testcases.TC_parabank_registration@e25951c]" started-at="2026-06-23T14:09:56 IST" name="setUp" finished-at="2026-06-23T14:10:01 IST" duration-ms="5017" status="PASS">
          <params>
            <param index="0">
              <value>
                <![CDATA[Chrome]]>
              </value>
            </param>
            <param index="1">
              <value>
                <![CDATA[https://parabank.parasoft.com/parabank/register.htm]]>
              </value>
            </param>
          </params>
          <reporter-output>
          </reporter-output>
        </test-method> <!-- setUp -->
        <test-method is-config="true" signature="setUpPage()[pri:0, instance:com.parabank.testcases.TC_parabank_registration@e25951c]" started-at="2026-06-23T14:10:01 IST" name="setUpPage" finished-at="2026-06-23T14:10:02 IST" duration-ms="619" status="PASS">
          <reporter-output>
          </reporter-output>
        </test-method> <!-- setUpPage -->
        <test-method signature="testRegistrationWithDuplicateUsername()[pri:3, instance:com.parabank.testcases.TC_parabank_registration@e25951c]" started-at="2026-06-23T14:10:02 IST" name="testRegistrationWithDuplicateUsername" description="Verify registering twice with the same username shows an already-exists error" finished-at="2026-06-23T14:10:03 IST" duration-ms="1466" status="FAIL">
          <exception class="org.openqa.selenium.NoSuchElementException">
            <message>
              <![CDATA[no such element: Unable to locate element: {"method":"css selector","selector":"#customer\.address\.ci"}
  (Session info: chrome=149.0.7827.115)
For documentation on this error, please visit: https://www.selenium.dev/documentation/webdriver/troubleshooting/errors#no-such-element-exception
Build info: version: '4.27.0', revision: 'd6e718d134'
System info: os.name: 'Windows 11', os.arch: 'amd64', os.version: '10.0', java.version: '21.0.11'
Driver info: org.openqa.selenium.chrome.ChromeDriver
Command: [13e2a4b2284bd35d86c0f343d4ec0c8a, findElement {using=id, value=customer.address.ci}]
Capabilities {acceptInsecureCerts: false, browserName: chrome, browserVersion: 149.0.7827.115, chrome: {chromedriverVersion: 149.0.7827.155 (07b52360cc1..., userDataDir: C:\Users\Admin\AppData\Loca...}, fedcm:accounts: true, goog:chromeOptions: {debuggerAddress: localhost:62404}, goog:processID: 17676, networkConnectionEnabled: false, pageLoadStrategy: normal, platformName: windows, proxy: Proxy(), se:cdp: ws://localhost:62404/devtoo..., se:cdpVersion: 149.0.7827.115, setWindowRect: true, strictFileInteractability: false, timeouts: {implicit: 0, pageLoad: 300000, script: 30000}, unhandledPromptBehavior: dismiss and notify, webauthn:extension:credBlob: true, webauthn:extension:largeBlob: true, webauthn:extension:minPinLength: true, webauthn:extension:prf: true, webauthn:virtualAuthenticators: true}
Session ID: 13e2a4b2284bd35d86c0f343d4ec0c8a]]>
            </message>
            <full-stacktrace>
              <![CDATA[org.openqa.selenium.NoSuchElementException: no such element: Unable to locate element: {"method":"css selector","selector":"#customer\.address\.ci"}
  (Session info: chrome=149.0.7827.115)
For documentation on this error, please visit: https://www.selenium.dev/documentation/webdriver/troubleshooting/errors#no-such-element-exception
Build info: version: '4.27.0', revision: 'd6e718d134'
System info: os.name: 'Windows 11', os.arch: 'amd64', os.version: '10.0', java.version: '21.0.11'
Driver info: org.openqa.selenium.chrome.ChromeDriver
Command: [13e2a4b2284bd35d86c0f343d4ec0c8a, findElement {using=id, value=customer.address.ci}]
Capabilities {acceptInsecureCerts: false, browserName: chrome, browserVersion: 149.0.7827.115, chrome: {chromedriverVersion: 149.0.7827.155 (07b52360cc1..., userDataDir: C:\Users\Admin\AppData\Loca...}, fedcm:accounts: true, goog:chromeOptions: {debuggerAddress: localhost:62404}, goog:processID: 17676, networkConnectionEnabled: false, pageLoadStrategy: normal, platformName: windows, proxy: Proxy(), se:cdp: ws://localhost:62404/devtoo..., se:cdpVersion: 149.0.7827.115, setWindowRect: true, strictFileInteractability: false, timeouts: {implicit: 0, pageLoad: 300000, script: 30000}, unhandledPromptBehavior: dismiss and notify, webauthn:extension:credBlob: true, webauthn:extension:largeBlob: true, webauthn:extension:minPinLength: true, webauthn:extension:prf: true, webauthn:virtualAuthenticators: true}
Session ID: 13e2a4b2284bd35d86c0f343d4ec0c8a
at java.base/jdk.internal.reflect.DirectConstructorHandleAccessor.newInstance(DirectConstructorHandleAccessor.java:62)
at java.base/java.lang.reflect.Constructor.newInstanceWithCaller(Constructor.java:502)
at java.base/java.lang.reflect.Constructor.newInstance(Constructor.java:486)
at org.openqa.selenium.remote.ErrorCodec.decode(ErrorCodec.java:167)
at org.openqa.selenium.remote.codec.w3c.W3CHttpResponseCodec.decode(W3CHttpResponseCodec.java:138)
at org.openqa.selenium.remote.codec.w3c.W3CHttpResponseCodec.decode(W3CHttpResponseCodec.java:50)
at org.openqa.selenium.remote.HttpCommandExecutor.execute(HttpCommandExecutor.java:190)
at org.openqa.selenium.remote.service.DriverCommandExecutor.invokeExecute(DriverCommandExecutor.java:216)
at org.openqa.selenium.remote.service.DriverCommandExecutor.execute(DriverCommandExecutor.java:174)
at org.openqa.selenium.remote.RemoteWebDriver.execute(RemoteWebDriver.java:545)
at org.openqa.selenium.remote.ElementLocation$ElementFinder$2.findElement(ElementLocation.java:165)
at org.openqa.selenium.remote.ElementLocation.findElement(ElementLocation.java:59)
at org.openqa.selenium.remote.RemoteWebDriver.findElement(RemoteWebDriver.java:368)
at org.openqa.selenium.remote.RemoteWebDriver.findElement(RemoteWebDriver.java:362)
at org.openqa.selenium.support.pagefactory.DefaultElementLocator.findElement(DefaultElementLocator.java:68)
at org.openqa.selenium.support.pagefactory.internal.LocatingElementHandler.invoke(LocatingElementHandler.java:38)
at jdk.proxy2/jdk.proxy2.$Proxy17.clear(Unknown Source)
at com.parabank.pageobjects.PO_RegistrationPage.enterCity(PO_RegistrationPage.java:108)
at com.parabank.pageobjects.PO_RegistrationPage.registerNewCustomer(PO_RegistrationPage.java:168)
at com.parabank.testcases.TC_parabank_registration.testRegistrationWithDuplicateUsername(TC_parabank_registration.java:88)
at java.base/jdk.internal.reflect.DirectMethodHandleAccessor.invoke(DirectMethodHandleAccessor.java:103)
at java.base/java.lang.reflect.Method.invoke(Method.java:580)
at org.testng.internal.invokers.MethodInvocationHelper.invokeMethod(MethodInvocationHelper.java:141)
at org.testng.internal.invokers.TestInvoker.invokeMethod(TestInvoker.java:686)
at org.testng.internal.invokers.TestInvoker.invokeTestMethod(TestInvoker.java:230)
at org.testng.internal.invokers.MethodRunner.runInSequence(MethodRunner.java:63)
at org.testng.internal.invokers.TestInvoker$MethodInvocationAgent.invoke(TestInvoker.java:992)
at org.testng.internal.invokers.TestInvoker.invokeTestMethods(TestInvoker.java:203)
at org.testng.internal.invokers.TestMethodWorker.invokeTestMethods(TestMethodWorker.java:154)
at org.testng.internal.invokers.TestMethodWorker.run(TestMethodWorker.java:134)
at java.base/java.util.ArrayList.forEach(ArrayList.java:1596)
at org.testng.TestRunner.privateRun(TestRunner.java:739)
at org.testng.TestRunner.run(TestRunner.java:614)
at org.testng.SuiteRunner.runTest(SuiteRunner.java:421)
at org.testng.SuiteRunner.runSequentially(SuiteRunner.java:413)
at org.testng.SuiteRunner.privateRun(SuiteRunner.java:373)
at org.testng.SuiteRunner.run(SuiteRunner.java:312)
at org.testng.SuiteRunnerWorker.runSuite(SuiteRunnerWorker.java:52)
at org.testng.SuiteRunnerWorker.run(SuiteRunnerWorker.java:95)
at org.testng.TestNG.runSuitesSequentially(TestNG.java:1274)
at org.testng.TestNG.runSuitesLocally(TestNG.java:1208)
at org.testng.TestNG.runSuites(TestNG.java:1112)
at org.testng.TestNG.run(TestNG.java:1079)
at org.testng.remote.AbstractRemoteTestNG.run(AbstractRemoteTestNG.java:115)
at org.testng.remote.RemoteTestNG.initAndRun(RemoteTestNG.java:293)
at org.testng.remote.RemoteTestNG.main(RemoteTestNG.java:91)
]]>
            </full-stacktrace>
          </exception> <!-- org.openqa.selenium.NoSuchElementException -->
          <reporter-output>
          </reporter-output>
        </test-method> <!-- testRegistrationWithDuplicateUsername -->
        <test-method is-config="true" signature="tearDownTest(org.testng.ITestResult)[pri:0, instance:com.parabank.testcases.TC_parabank_registration@e25951c]" started-at="2026-06-23T14:10:03 IST" name="tearDownTest" finished-at="2026-06-23T14:10:03 IST" duration-ms="2" status="PASS">
          <params>
            <param index="0">
              <value>
                <![CDATA[[TestResult name=testRegistrationWithDuplicateUsername status=FAILURE method=TC_parabank_registration.testRegistrationWithDuplicateUsername()[pri:3, instance:com.parabank.testcases.TC_parabank_registration@e25951c] output={null}]]]>
              </value>
            </param>
          </params>
          <reporter-output>
          </reporter-output>
        </test-method> <!-- tearDownTest -->
        <test-method is-config="true" signature="tearDown(org.testng.ITestResult)[pri:0, instance:com.parabank.testcases.TC_parabank_registration@e25951c]" started-at="2026-06-23T14:10:03 IST" name="tearDown" finished-at="2026-06-23T14:10:04 IST" duration-ms="961" status="PASS">
          <params>
            <param index="0">
              <value>
                <![CDATA[[TestResult name=testRegistrationWithDuplicateUsername status=FAILURE method=TC_parabank_registration.testRegistrationWithDuplicateUsername()[pri:3, instance:com.parabank.testcases.TC_parabank_registration@e25951c] output={null}]]]>
              </value>
            </param>
          </params>
          <reporter-output>
          </reporter-output>
        </test-method> <!-- tearDown -->
      </class> <!-- com.parabank.testcases.TC_parabank_registration -->
    </test> <!-- TC_parabank_registration -->
  </suite> <!-- Suite -->
</testng-results>
