<?xml version="1.0" encoding="UTF-8"?>
<testng-results ignored="0" total="4" passed="2" failed="2" skipped="0">
  <reporter-output>
  </reporter-output>
  <suite started-at="2026-06-22T00:06:11 IST" name="Suite" finished-at="2026-06-22T00:06:47 IST" duration-ms="36391">
    <groups>
    </groups>
    <test started-at="2026-06-22T00:06:11 IST" name="TC_parabank_login" finished-at="2026-06-22T00:06:17 IST" duration-ms="6601">
      <class name="com.parabank.testcases.TC_parabank_login">
        <test-method is-config="true" signature="setUp(java.lang.String,java.lang.String)[pri:0, instance:com.parabank.testcases.TC_parabank_login@6f36c2f0]" started-at="2026-06-22T00:06:11 IST" name="setUp" finished-at="2026-06-22T00:06:17 IST" duration-ms="6120" status="PASS">
          <params>
            <param index="0">
              <value>
                <![CDATA[Chrome]]>
              </value>
            </param>
            <param index="1">
              <value>
                <![CDATA[https://parabank.parasoft.com/parabank/index.htm]]>
              </value>
            </param>
          </params>
          <reporter-output>
          </reporter-output>
        </test-method> <!-- setUp -->
        <test-method signature="openParaBank()[pri:0, instance:com.parabank.testcases.TC_parabank_login@6f36c2f0]" started-at="2026-06-22T00:06:17 IST" name="openParaBank" finished-at="2026-06-22T00:06:17 IST" duration-ms="117" status="PASS">
          <reporter-output>
          </reporter-output>
        </test-method> <!-- openParaBank -->
        <test-method is-config="true" signature="tearDown(org.testng.ITestResult)[pri:0, instance:com.parabank.testcases.TC_parabank_login@6f36c2f0]" started-at="2026-06-22T00:06:17 IST" name="tearDown" finished-at="2026-06-22T00:06:17 IST" duration-ms="2" status="PASS">
          <params>
            <param index="0">
              <value>
                <![CDATA[[TestResult name=openParaBank status=SUCCESS method=TC_parabank_login.openParaBank()[pri:0, instance:com.parabank.testcases.TC_parabank_login@6f36c2f0] output={null}]]]>
              </value>
            </param>
          </params>
          <reporter-output>
          </reporter-output>
        </test-method> <!-- tearDown -->
      </class> <!-- com.parabank.testcases.TC_parabank_login -->
    </test> <!-- TC_parabank_login -->
    <test started-at="2026-06-22T00:06:17 IST" name="TC_parabank_registration" finished-at="2026-06-22T00:06:47 IST" duration-ms="29726">
      <class name="com.parabank.testcases.TC_parabank_registration">
        <test-method is-config="true" signature="setUp(java.lang.String,java.lang.String)[pri:0, instance:com.parabank.testcases.TC_parabank_registration@c667f46]" started-at="2026-06-22T00:06:17 IST" name="setUp" finished-at="2026-06-22T00:06:21 IST" duration-ms="4032" status="PASS">
          <params>
            <param index="0">
              <value>
                <![CDATA[Chrome]]>
              </value>
            </param>
            <param index="1">
              <value>
                <![CDATA[https://parabank.parasoft.com/parabank/register.htm]]>
              </value>
            </param>
          </params>
          <reporter-output>
          </reporter-output>
        </test-method> <!-- setUp -->
        <test-method is-config="true" signature="setUpPage()[pri:0, instance:com.parabank.testcases.TC_parabank_registration@c667f46]" started-at="2026-06-22T00:06:21 IST" name="setUpPage" finished-at="2026-06-22T00:06:22 IST" duration-ms="988" status="PASS">
          <reporter-output>
          </reporter-output>
        </test-method> <!-- setUpPage -->
        <test-method signature="testSuccessfulRegistration()[pri:1, instance:com.parabank.testcases.TC_parabank_registration@c667f46]" started-at="2026-06-22T00:06:22 IST" name="testSuccessfulRegistration" description="Verify a new customer can register successfully with valid details" finished-at="2026-06-22T00:06:27 IST" duration-ms="4922" status="FAIL">
          <exception class="java.lang.AssertionError">
            <message>
              <![CDATA[Expected the welcome/success page to be displayed after registration. expected [true] but found [false]]]>
            </message>
            <full-stacktrace>
              <![CDATA[java.lang.AssertionError: Expected the welcome/success page to be displayed after registration. expected [true] but found [false]
at org.testng.Assert.fail(Assert.java:111)
at org.testng.Assert.failNotEquals(Assert.java:1578)
at org.testng.Assert.assertTrue(Assert.java:57)
at com.parabank.testcases.TC_parabank_registration.testSuccessfulRegistration(TC_parabank_registration.java:63)
at java.base/jdk.internal.reflect.DirectMethodHandleAccessor.invoke(DirectMethodHandleAccessor.java:103)
at java.base/java.lang.reflect.Method.invoke(Method.java:580)
at org.testng.internal.invokers.MethodInvocationHelper.invokeMethod(MethodInvocationHelper.java:141)
at org.testng.internal.invokers.TestInvoker.invokeMethod(TestInvoker.java:686)
at org.testng.internal.invokers.TestInvoker.invokeTestMethod(TestInvoker.java:230)
at org.testng.internal.invokers.MethodRunner.runInSequence(MethodRunner.java:63)
at org.testng.internal.invokers.TestInvoker$MethodInvocationAgent.invoke(TestInvoker.java:992)
at org.testng.internal.invokers.TestInvoker.invokeTestMethods(TestInvoker.java:203)
at org.testng.internal.invokers.TestMethodWorker.invokeTestMethods(TestMethodWorker.java:154)
at org.testng.internal.invokers.TestMethodWorker.run(TestMethodWorker.java:134)
at java.base/java.util.ArrayList.forEach(ArrayList.java:1596)
at org.testng.TestRunner.privateRun(TestRunner.java:739)
at org.testng.TestRunner.run(TestRunner.java:614)
at org.testng.SuiteRunner.runTest(SuiteRunner.java:421)
at org.testng.SuiteRunner.runSequentially(SuiteRunner.java:413)
at org.testng.SuiteRunner.privateRun(SuiteRunner.java:373)
at org.testng.SuiteRunner.run(SuiteRunner.java:312)
at org.testng.SuiteRunnerWorker.runSuite(SuiteRunnerWorker.java:52)
at org.testng.SuiteRunnerWorker.run(SuiteRunnerWorker.java:95)
at org.testng.TestNG.runSuitesSequentially(TestNG.java:1274)
at org.testng.TestNG.runSuitesLocally(TestNG.java:1208)
at org.testng.TestNG.runSuites(TestNG.java:1112)
at org.testng.TestNG.run(TestNG.java:1079)
at org.testng.remote.AbstractRemoteTestNG.run(AbstractRemoteTestNG.java:115)
at org.testng.remote.RemoteTestNG.initAndRun(RemoteTestNG.java:293)
at org.testng.remote.RemoteTestNG.main(RemoteTestNG.java:91)
]]>
            </full-stacktrace>
          </exception> <!-- java.lang.AssertionError -->
          <reporter-output>
          </reporter-output>
        </test-method> <!-- testSuccessfulRegistration -->
        <test-method is-config="true" signature="tearDownTest(org.testng.ITestResult)[pri:0, instance:com.parabank.testcases.TC_parabank_registration@c667f46]" started-at="2026-06-22T00:06:27 IST" name="tearDownTest" finished-at="2026-06-22T00:06:27 IST" duration-ms="3" status="PASS">
          <params>
            <param index="0">
              <value>
                <![CDATA[[TestResult name=testSuccessfulRegistration status=FAILURE method=TC_parabank_registration.testSuccessfulRegistration()[pri:1, instance:com.parabank.testcases.TC_parabank_registration@c667f46] output={null}]]]>
              </value>
            </param>
          </params>
          <reporter-output>
          </reporter-output>
        </test-method> <!-- tearDownTest -->
        <test-method is-config="true" signature="tearDown(org.testng.ITestResult)[pri:0, instance:com.parabank.testcases.TC_parabank_registration@c667f46]" started-at="2026-06-22T00:06:27 IST" name="tearDown" finished-at="2026-06-22T00:06:28 IST" duration-ms="308" status="PASS">
          <params>
            <param index="0">
              <value>
                <![CDATA[[TestResult name=testSuccessfulRegistration status=FAILURE method=TC_parabank_registration.testSuccessfulRegistration()[pri:1, instance:com.parabank.testcases.TC_parabank_registration@c667f46] output={null}]]]>
              </value>
            </param>
          </params>
          <reporter-output>
          </reporter-output>
        </test-method> <!-- tearDown -->
        <test-method is-config="true" signature="setUp(java.lang.String,java.lang.String)[pri:0, instance:com.parabank.testcases.TC_parabank_registration@c667f46]" started-at="2026-06-22T00:06:28 IST" name="setUp" finished-at="2026-06-22T00:06:33 IST" duration-ms="5478" status="PASS">
          <params>
            <param index="0">
              <value>
                <![CDATA[Chrome]]>
              </value>
            </param>
            <param index="1">
              <value>
                <![CDATA[https://parabank.parasoft.com/parabank/register.htm]]>
              </value>
            </param>
          </params>
          <reporter-output>
          </reporter-output>
        </test-method> <!-- setUp -->
        <test-method is-config="true" signature="setUpPage()[pri:0, instance:com.parabank.testcases.TC_parabank_registration@c667f46]" started-at="2026-06-22T00:06:33 IST" name="setUpPage" finished-at="2026-06-22T00:06:35 IST" duration-ms="1730" status="PASS">
          <reporter-output>
          </reporter-output>
        </test-method> <!-- setUpPage -->
        <test-method signature="testRegistrationWithBlankMandatoryFields()[pri:2, instance:com.parabank.testcases.TC_parabank_registration@c667f46]" started-at="2026-06-22T00:06:35 IST" name="testRegistrationWithBlankMandatoryFields" description="Verify validation errors are shown when all mandatory fields are left blank" finished-at="2026-06-22T00:06:37 IST" duration-ms="2082" status="PASS">
          <reporter-output>
          </reporter-output>
        </test-method> <!-- testRegistrationWithBlankMandatoryFields -->
        <test-method is-config="true" signature="tearDownTest(org.testng.ITestResult)[pri:0, instance:com.parabank.testcases.TC_parabank_registration@c667f46]" started-at="2026-06-22T00:06:37 IST" name="tearDownTest" finished-at="2026-06-22T00:06:37 IST" duration-ms="4" status="PASS">
          <params>
            <param index="0">
              <value>
                <![CDATA[[TestResult name=testRegistrationWithBlankMandatoryFields status=SUCCESS method=TC_parabank_registration.testRegistrationWithBlankMandatoryFields()[pri:2, instance:com.parabank.testcases.TC_parabank_registration@c667f46] output={null}]]]>
              </value>
            </param>
          </params>
          <reporter-output>
          </reporter-output>
        </test-method> <!-- tearDownTest -->
        <test-method is-config="true" signature="tearDown(org.testng.ITestResult)[pri:0, instance:com.parabank.testcases.TC_parabank_registration@c667f46]" started-at="2026-06-22T00:06:37 IST" name="tearDown" finished-at="2026-06-22T00:06:37 IST" duration-ms="2" status="PASS">
          <params>
            <param index="0">
              <value>
                <![CDATA[[TestResult name=testRegistrationWithBlankMandatoryFields status=SUCCESS method=TC_parabank_registration.testRegistrationWithBlankMandatoryFields()[pri:2, instance:com.parabank.testcases.TC_parabank_registration@c667f46] output={null}]]]>
              </value>
            </param>
          </params>
          <reporter-output>
          </reporter-output>
        </test-method> <!-- tearDown -->
        <test-method is-config="true" signature="setUp(java.lang.String,java.lang.String)[pri:0, instance:com.parabank.testcases.TC_parabank_registration@c667f46]" started-at="2026-06-22T00:06:37 IST" name="setUp" finished-at="2026-06-22T00:06:41 IST" duration-ms="3949" status="PASS">
          <params>
            <param index="0">
              <value>
                <![CDATA[Chrome]]>
              </value>
            </param>
            <param index="1">
              <value>
                <![CDATA[https://parabank.parasoft.com/parabank/register.htm]]>
              </value>
            </param>
          </params>
          <reporter-output>
          </reporter-output>
        </test-method> <!-- setUp -->
        <test-method is-config="true" signature="setUpPage()[pri:0, instance:com.parabank.testcases.TC_parabank_registration@c667f46]" started-at="2026-06-22T00:06:41 IST" name="setUpPage" finished-at="2026-06-22T00:06:42 IST" duration-ms="788" status="PASS">
          <reporter-output>
          </reporter-output>
        </test-method> <!-- setUpPage -->
        <test-method signature="testRegistrationWithDuplicateUsername()[pri:3, instance:com.parabank.testcases.TC_parabank_registration@c667f46]" started-at="2026-06-22T00:06:42 IST" name="testRegistrationWithDuplicateUsername" description="Verify registering twice with the same username shows an already-exists error" finished-at="2026-06-22T00:06:47 IST" duration-ms="4949" status="FAIL">
          <exception class="java.lang.AssertionError">
            <message>
              <![CDATA[Pre-condition failed: first registration with this username did not succeed. expected [true] but found [false]]]>
            </message>
            <full-stacktrace>
              <![CDATA[java.lang.AssertionError: Pre-condition failed: first registration with this username did not succeed. expected [true] but found [false]
at org.testng.Assert.fail(Assert.java:111)
at org.testng.Assert.failNotEquals(Assert.java:1578)
at org.testng.Assert.assertTrue(Assert.java:57)
at com.parabank.testcases.TC_parabank_registration.testRegistrationWithDuplicateUsername(TC_parabank_registration.java:91)
at java.base/jdk.internal.reflect.DirectMethodHandleAccessor.invoke(DirectMethodHandleAccessor.java:103)
at java.base/java.lang.reflect.Method.invoke(Method.java:580)
at org.testng.internal.invokers.MethodInvocationHelper.invokeMethod(MethodInvocationHelper.java:141)
at org.testng.internal.invokers.TestInvoker.invokeMethod(TestInvoker.java:686)
at org.testng.internal.invokers.TestInvoker.invokeTestMethod(TestInvoker.java:230)
at org.testng.internal.invokers.MethodRunner.runInSequence(MethodRunner.java:63)
at org.testng.internal.invokers.TestInvoker$MethodInvocationAgent.invoke(TestInvoker.java:992)
at org.testng.internal.invokers.TestInvoker.invokeTestMethods(TestInvoker.java:203)
at org.testng.internal.invokers.TestMethodWorker.invokeTestMethods(TestMethodWorker.java:154)
at org.testng.internal.invokers.TestMethodWorker.run(TestMethodWorker.java:134)
at java.base/java.util.ArrayList.forEach(ArrayList.java:1596)
at org.testng.TestRunner.privateRun(TestRunner.java:739)
at org.testng.TestRunner.run(TestRunner.java:614)
at org.testng.SuiteRunner.runTest(SuiteRunner.java:421)
at org.testng.SuiteRunner.runSequentially(SuiteRunner.java:413)
at org.testng.SuiteRunner.privateRun(SuiteRunner.java:373)
at org.testng.SuiteRunner.run(SuiteRunner.java:312)
at org.testng.SuiteRunnerWorker.runSuite(SuiteRunnerWorker.java:52)
at org.testng.SuiteRunnerWorker.run(SuiteRunnerWorker.java:95)
at org.testng.TestNG.runSuitesSequentially(TestNG.java:1274)
at org.testng.TestNG.runSuitesLocally(TestNG.java:1208)
at org.testng.TestNG.runSuites(TestNG.java:1112)
at org.testng.TestNG.run(TestNG.java:1079)
at org.testng.remote.AbstractRemoteTestNG.run(AbstractRemoteTestNG.java:115)
at org.testng.remote.RemoteTestNG.initAndRun(RemoteTestNG.java:293)
at org.testng.remote.RemoteTestNG.main(RemoteTestNG.java:91)
]]>
            </full-stacktrace>
          </exception> <!-- java.lang.AssertionError -->
          <reporter-output>
          </reporter-output>
        </test-method> <!-- testRegistrationWithDuplicateUsername -->
        <test-method is-config="true" signature="tearDownTest(org.testng.ITestResult)[pri:0, instance:com.parabank.testcases.TC_parabank_registration@c667f46]" started-at="2026-06-22T00:06:47 IST" name="tearDownTest" finished-at="2026-06-22T00:06:47 IST" duration-ms="0" status="PASS">
          <params>
            <param index="0">
              <value>
                <![CDATA[[TestResult name=testRegistrationWithDuplicateUsername status=FAILURE method=TC_parabank_registration.testRegistrationWithDuplicateUsername()[pri:3, instance:com.parabank.testcases.TC_parabank_registration@c667f46] output={null}]]]>
              </value>
            </param>
          </params>
          <reporter-output>
          </reporter-output>
        </test-method> <!-- tearDownTest -->
        <test-method is-config="true" signature="tearDown(org.testng.ITestResult)[pri:0, instance:com.parabank.testcases.TC_parabank_registration@c667f46]" started-at="2026-06-22T00:06:47 IST" name="tearDown" finished-at="2026-06-22T00:06:47 IST" duration-ms="383" status="PASS">
          <params>
            <param index="0">
              <value>
                <![CDATA[[TestResult name=testRegistrationWithDuplicateUsername status=FAILURE method=TC_parabank_registration.testRegistrationWithDuplicateUsername()[pri:3, instance:com.parabank.testcases.TC_parabank_registration@c667f46] output={null}]]]>
              </value>
            </param>
          </params>
          <reporter-output>
          </reporter-output>
        </test-method> <!-- tearDown -->
      </class> <!-- com.parabank.testcases.TC_parabank_registration -->
    </test> <!-- TC_parabank_registration -->
  </suite> <!-- Suite -->
</testng-results>
